{
  message: 'Database is connected successfully',
  level: 'info',
  label: 'PH',
  timestamp: '2023-06-12T07:00:56.492Z'
}
{
  message: 'application  listening on port 5000',
  level: 'info',
  label: 'PH',
  timestamp: '2023-06-12T07:00:56.499Z'
}
{
  message: 'Database is connected successfully',
  level: 'info',
  label: 'PH',
  timestamp: '2023-06-12T07:01:22.685Z'
}
{
  message: 'application  listening on port 5000',
  level: 'info',
  label: 'PH',
  timestamp: '2023-06-12T07:01:22.693Z'
}
{
  message: 'Database is connected successfully',
  level: 'info',
  label: 'PH',
  timestamp: '2023-06-12T07:01:57.704Z'
}
{
  message: 'application  listening on port 5000',
  level: 'info',
  label: 'PH',
  timestamp: '2023-06-12T07:01:57.711Z'
}
{
  message: 'Database is connected successfully',
  level: 'info',
  label: 'PH',
  timestamp: '2023-06-12T07:03:25.240Z'
}
{
  message: 'application  listening on port 5000',
  level: 'info',
  label: 'PH',
  timestamp: '2023-06-12T07:03:25.247Z'
}
{
  message: 'Database is connected successfully',
  level: 'info',
  label: 'PH',
  timestamp: '2023-06-12T07:03:30.448Z'
}
{
  message: 'application  listening on port 5000',
  level: 'info',
  label: 'PH',
  timestamp: '2023-06-12T07:03:30.463Z'
}
{
  message: 'Database is connected successfully',
  level: 'info',
  label: 'PH',
  timestamp: '2023-06-12T07:03:33.997Z'
}
{
  message: 'application  listening on port 5000',
  level: 'info',
  label: 'PH',
  timestamp: '2023-06-12T07:03:34.032Z'
}
{
  message: 'Database is connected successfully',
  level: 'info',
  label: 'PH',
  timestamp: '2023-06-12T07:03:38.516Z'
}
{
  message: 'application  listening on port 5000',
  level: 'info',
  label: 'PH',
  timestamp: '2023-06-12T07:03:38.523Z'
}
{
  message: 'Database is connected successfully',
  level: 'info',
  label: 'PH',
  timestamp: '2023-06-12T07:03:55.311Z'
}
{
  message: 'application  listening on port 5000',
  level: 'info',
  label: 'PH',
  timestamp: '2023-06-12T07:03:55.336Z'
}
{
  message: 'Database is connected successfully',
  level: 'info',
  label: 'PH',
  timestamp: '2023-06-12T07:04:04.745Z'
}
{
  message: 'application  listening on port 5000',
  level: 'info',
  label: 'PH',
  timestamp: '2023-06-12T07:04:04.752Z'
}
{
  message: 'Database is connected successfully',
  level: 'info',
  label: 'PH',
  timestamp: '2023-06-12T07:14:10.226Z'
}
{
  message: 'application  listening on port 5000',
  level: 'info',
  label: 'PH',
  timestamp: '2023-06-12T07:14:10.236Z'
}
{
  message: 'Database is connected successfully',
  level: 'info',
  label: 'PH',
  timestamp: '2023-06-12T07:14:15.959Z'
}
{
  message: 'application  listening on port 5000',
  level: 'info',
  label: 'PH',
  timestamp: '2023-06-12T07:14:15.975Z'
}
{
  message: 'Database is connected successfully',
  level: 'info',
  label: 'PH',
  timestamp: '2023-06-12T07:14:22.092Z'
}
{
  message: 'application  listening on port 5000',
  level: 'info',
  label: 'PH',
  timestamp: '2023-06-12T07:14:22.099Z'
}
{
  message: 'Database is connected successfully',
  level: 'info',
  label: 'PH',
  timestamp: '2023-06-12T07:14:34.759Z'
}
{
  message: 'application  listening on port 5000',
  level: 'info',
  label: 'PH',
  timestamp: '2023-06-12T07:14:34.772Z'
}
{
  message: 'Database is connected successfully',
  level: 'info',
  label: 'PH',
  timestamp: '2023-06-12T07:14:38.989Z'
}
{
  message: 'application  listening on port 5000',
  level: 'info',
  label: 'PH',
  timestamp: '2023-06-12T07:14:38.996Z'
}
{
  message: 'Database is connected successfully',
  level: 'info',
  label: 'PH',
  timestamp: '2023-06-12T07:14:52.807Z'
}
{
  message: 'application  listening on port 5000',
  level: 'info',
  label: 'PH',
  timestamp: '2023-06-12T07:14:52.814Z'
}
{
  message: 'Database is connected successfully',
  level: 'info',
  label: 'PH',
  timestamp: '2023-06-12T07:15:00.321Z'
}
{
  message: 'application  listening on port 5000',
  level: 'info',
  label: 'PH',
  timestamp: '2023-06-12T07:15:00.328Z'
}
{
  message: 'Database is connected successfully',
  level: 'info',
  label: 'PH',
  timestamp: '2023-06-12T07:15:12.931Z'
}
{
  message: 'application  listening on port 5000',
  level: 'info',
  label: 'PH',
  timestamp: '2023-06-12T07:15:12.938Z'
}
{
  message: 'Database is connected successfully',
  level: 'info',
  label: 'PH',
  timestamp: '2023-06-12T07:15:23.093Z'
}
{
  message: 'application  listening on port 5000',
  level: 'info',
  label: 'PH',
  timestamp: '2023-06-12T07:15:23.102Z'
}
{
  message: 'Database is connected successfully',
  level: 'info',
  label: 'PH',
  timestamp: '2023-06-12T07:15:30.319Z'
}
{
  message: 'application  listening on port 5000',
  level: 'info',
  label: 'PH',
  timestamp: '2023-06-12T07:15:30.326Z'
}
{
  message: 'Database is connected successfully',
  level: 'info',
  label: 'PH',
  timestamp: '2023-06-12T07:15:50.797Z'
}
{
  message: 'application  listening on port 5000',
  level: 'info',
  label: 'PH',
  timestamp: '2023-06-12T07:15:50.804Z'
}
{
  message: 'Database is connected successfully',
  level: 'info',
  label: 'PH',
  timestamp: '2023-06-12T07:15:56.980Z'
}
{
  message: 'application  listening on port 5000',
  level: 'info',
  label: 'PH',
  timestamp: '2023-06-12T07:15:56.989Z'
}
{
  message: 'Database is connected successfully',
  level: 'info',
  label: 'PH',
  timestamp: '2023-06-12T07:17:05.867Z'
}
{
  message: 'application  listening on port 5000',
  level: 'info',
  label: 'PH',
  timestamp: '2023-06-12T07:17:05.877Z'
}
{
  message: 'Database is connected successfully',
  level: 'info',
  label: 'PH',
  timestamp: '2023-06-12T07:17:18.181Z'
}
{
  message: 'application  listening on port 5000',
  level: 'info',
  label: 'PH',
  timestamp: '2023-06-12T07:17:18.223Z'
}
{
  message: 'Database is connected successfully',
  level: 'info',
  label: 'PH',
  timestamp: '2023-06-12T07:17:25.776Z'
}
{
  message: 'application  listening on port 5000',
  level: 'info',
  label: 'PH',
  timestamp: '2023-06-12T07:17:25.783Z'
}
{
  message: 'Database is connected successfully',
  level: 'info',
  label: 'PH',
  timestamp: '2023-06-12T07:18:12.904Z'
}
{
  message: 'application  listening on port 5000',
  level: 'info',
  label: 'PH',
  timestamp: '2023-06-12T07:18:12.912Z'
}
{
  message: 'Database is connected successfully',
  level: 'info',
  label: 'PH',
  timestamp: '2023-06-12T07:18:29.507Z'
}
{
  message: 'application  listening on port 5000',
  level: 'info',
  label: 'PH',
  timestamp: '2023-06-12T07:18:29.514Z'
}
{
  message: 'Database is connected successfully',
  level: 'info',
  label: 'PH',
  timestamp: '2023-06-12T07:18:36.236Z'
}
{
  message: 'application  listening on port 5000',
  level: 'info',
  label: 'PH',
  timestamp: '2023-06-12T07:18:36.252Z'
}
{
  message: 'Database is connected successfully',
  level: 'info',
  label: 'PH',
  timestamp: '2023-06-12T07:18:45.708Z'
}
{
  message: 'application  listening on port 5000',
  level: 'info',
  label: 'PH',
  timestamp: '2023-06-12T07:18:45.715Z'
}
{
  message: 'Database is connected successfully',
  level: 'info',
  label: 'PH',
  timestamp: '2023-06-12T07:19:58.188Z'
}
{
  message: 'application  listening on port 5000',
  level: 'info',
  label: 'PH',
  timestamp: '2023-06-12T07:19:58.195Z'
}
{
  message: 'Database is connected successfully',
  level: 'info',
  label: 'PH',
  timestamp: '2023-06-12T07:20:09.687Z'
}
{
  message: 'application  listening on port 5000',
  level: 'info',
  label: 'PH',
  timestamp: '2023-06-12T07:20:09.695Z'
}
{
  message: 'Database is connected successfully',
  level: 'info',
  label: 'PH',
  timestamp: '2023-06-12T07:20:23.202Z'
}
{
  message: 'application  listening on port 5000',
  level: 'info',
  label: 'PH',
  timestamp: '2023-06-12T07:20:23.230Z'
}
{
  message: 'Database is connected successfully',
  level: 'info',
  label: 'PH',
  timestamp: '2023-06-12T07:20:28.586Z'
}
{
  message: 'application  listening on port 5000',
  level: 'info',
  label: 'PH',
  timestamp: '2023-06-12T07:20:28.597Z'
}
{
  message: 'Database is connected successfully',
  level: 'info',
  label: 'PH',
  timestamp: '2023-06-12T07:20:39.358Z'
}
{
  message: 'application  listening on port 5000',
  level: 'info',
  label: 'PH',
  timestamp: '2023-06-12T07:20:39.365Z'
}
{
  message: 'Database is connected successfully',
  level: 'info',
  label: 'PH',
  timestamp: '2023-06-12T07:20:48.829Z'
}
{
  message: 'application  listening on port 5000',
  level: 'info',
  label: 'PH',
  timestamp: '2023-06-12T07:20:48.839Z'
}
{
  message: 'Database is connected successfully',
  level: 'info',
  label: 'PH',
  timestamp: '2023-06-12T07:20:58.815Z'
}
{
  message: 'application  listening on port 5000',
  level: 'info',
  label: 'PH',
  timestamp: '2023-06-12T07:20:58.827Z'
}
{
  message: 'Database is connected successfully',
  level: 'info',
  label: 'PH',
  timestamp: '2023-06-12T07:21:11.209Z'
}
{
  message: 'application  listening on port 5000',
  level: 'info',
  label: 'PH',
  timestamp: '2023-06-12T07:21:11.216Z'
}
{
  message: 'Database is connected successfully',
  level: 'info',
  label: 'PH',
  timestamp: '2023-06-12T07:22:00.602Z'
}
{
  message: 'application  listening on port 5000',
  level: 'info',
  label: 'PH',
  timestamp: '2023-06-12T07:22:00.619Z'
}
{
  message: 'Database is connected successfully',
  level: 'info',
  label: 'PH',
  timestamp: '2023-06-12T07:22:24.104Z'
}
{
  message: 'application  listening on port 5000',
  level: 'info',
  label: 'PH',
  timestamp: '2023-06-12T07:22:24.111Z'
}
{
  message: 'Database is connected successfully',
  level: 'info',
  label: 'PH',
  timestamp: '2023-06-12T07:22:46.161Z'
}
{
  message: 'application  listening on port 5000',
  level: 'info',
  label: 'PH',
  timestamp: '2023-06-12T07:22:46.171Z'
}
{
  message: 'Database is connected successfully',
  level: 'info',
  label: 'PH',
  timestamp: '2023-06-12T07:22:53.365Z'
}
{
  message: 'application  listening on port 5000',
  level: 'info',
  label: 'PH',
  timestamp: '2023-06-12T07:22:53.381Z'
}
{
  message: 'Database is connected successfully',
  level: 'info',
  label: 'PH',
  timestamp: '2023-06-12T07:22:58.158Z'
}
{
  message: 'application  listening on port 5000',
  level: 'info',
  label: 'PH',
  timestamp: '2023-06-12T07:22:58.165Z'
}
{
  message: 'Database is connected successfully',
  level: 'info',
  label: 'PH',
  timestamp: '2023-06-12T07:23:02.066Z'
}
{
  message: 'application  listening on port 5000',
  level: 'info',
  label: 'PH',
  timestamp: '2023-06-12T07:23:02.077Z'
}
{
  message: 'Database is connected successfully',
  level: 'info',
  label: 'PH',
  timestamp: '2023-06-12T07:23:13.249Z'
}
{
  message: 'application  listening on port 5000',
  level: 'info',
  label: 'PH',
  timestamp: '2023-06-12T07:23:13.262Z'
}
{
  message: 'Database is connected successfully',
  level: 'info',
  label: 'PH',
  timestamp: '2023-06-12T07:24:06.433Z'
}
{
  message: 'application  listening on port 5000',
  level: 'info',
  label: 'PH',
  timestamp: '2023-06-12T07:24:06.456Z'
}
{
  message: 'Database is connected successfully',
  level: 'info',
  label: 'PH',
  timestamp: '2023-06-12T07:24:10.327Z'
}
{
  message: 'application  listening on port 5000',
  level: 'info',
  label: 'PH',
  timestamp: '2023-06-12T07:24:10.345Z'
}
{
  message: 'Database is connected successfully',
  level: 'info',
  label: 'PH',
  timestamp: '2023-06-12T07:24:22.087Z'
}
{
  message: 'application  listening on port 5000',
  level: 'info',
  label: 'PH',
  timestamp: '2023-06-12T07:24:22.094Z'
}
{
  message: 'Database is connected successfully',
  level: 'info',
  label: 'PH',
  timestamp: '2023-06-12T07:25:13.570Z'
}
{
  message: 'application  listening on port 5000',
  level: 'info',
  label: 'PH',
  timestamp: '2023-06-12T07:25:13.581Z'
}
{
  message: 'Database is connected successfully',
  level: 'info',
  label: 'PH',
  timestamp: '2023-06-12T07:32:25.104Z'
}
{
  message: 'application  listening on port 5000',
  level: 'info',
  label: 'PH',
  timestamp: '2023-06-12T07:32:25.114Z'
}
{
  message: 'Database is connected successfully',
  level: 'info',
  label: 'PH',
  timestamp: '2023-06-12T07:33:42.274Z'
}
{
  message: 'application  listening on port 5000',
  level: 'info',
  label: 'PH',
  timestamp: '2023-06-12T07:33:42.281Z'
}
{
  message: 'Database is connected successfully',
  level: 'info',
  label: 'PH',
  timestamp: '2023-06-12T07:33:58.663Z'
}
{
  message: 'application  listening on port 5000',
  level: 'info',
  label: 'PH',
  timestamp: '2023-06-12T07:33:58.671Z'
}
{
  message: 'Database is connected successfully',
  level: 'info',
  label: 'PH',
  timestamp: '2023-06-12T07:37:56.441Z'
}
{
  message: 'application  listening on port 5000',
  level: 'info',
  label: 'PH',
  timestamp: '2023-06-12T07:37:56.448Z'
}
{
  message: 'Database is connected successfully',
  level: 'info',
  label: 'PH',
  timestamp: '2023-06-12T07:38:07.343Z'
}
{
  message: 'application  listening on port 5000',
  level: 'info',
  label: 'PH',
  timestamp: '2023-06-12T07:38:07.351Z'
}
{
  message: 'Database is connected successfully',
  level: 'info',
  label: 'PH',
  timestamp: '2023-06-12T07:38:25.648Z'
}
{
  message: 'application  listening on port 5000',
  level: 'info',
  label: 'PH',
  timestamp: '2023-06-12T07:38:25.663Z'
}
{
  message: 'Database is connected successfully',
  level: 'info',
  label: 'PH',
  timestamp: '2023-06-12T07:38:37.550Z'
}
{
  message: 'application  listening on port 5000',
  level: 'info',
  label: 'PH',
  timestamp: '2023-06-12T07:38:37.557Z'
}
{
  message: 'Database is connected successfully',
  level: 'info',
  label: 'PH',
  timestamp: '2023-06-12T07:43:56.393Z'
}
{
  message: 'application  listening on port 5000',
  level: 'info',
  label: 'PH',
  timestamp: '2023-06-12T07:43:56.399Z'
}
{
  message: 'Database is connected successfully',
  level: 'info',
  label: 'PH',
  timestamp: '2023-06-12T07:44:00.548Z'
}
{
  message: 'application  listening on port 5000',
  level: 'info',
  label: 'PH',
  timestamp: '2023-06-12T07:44:00.558Z'
}
{
  message: 'Database is connected successfully',
  level: 'info',
  label: 'PH',
  timestamp: '2023-06-12T07:44:13.131Z'
}
{
  message: 'application  listening on port 5000',
  level: 'info',
  label: 'PH',
  timestamp: '2023-06-12T07:44:13.147Z'
}
{
  message: 'Database is connected successfully',
  level: 'info',
  label: 'PH',
  timestamp: '2023-06-12T07:44:16.803Z'
}
{
  message: 'application  listening on port 5000',
  level: 'info',
  label: 'PH',
  timestamp: '2023-06-12T07:44:16.810Z'
}
{
  message: 'Database is connected successfully',
  level: 'info',
  label: 'PH',
  timestamp: '2023-06-12T07:45:13.902Z'
}
{
  message: 'application  listening on port 5000',
  level: 'info',
  label: 'PH',
  timestamp: '2023-06-12T07:45:13.909Z'
}
{
  message: 'Database is connected successfully',
  level: 'info',
  label: 'PH',
  timestamp: '2023-06-12T07:45:20.936Z'
}
{
  message: 'application  listening on port 5000',
  level: 'info',
  label: 'PH',
  timestamp: '2023-06-12T07:45:20.965Z'
}
{
  message: 'Database is connected successfully',
  level: 'info',
  label: 'PH',
  timestamp: '2023-06-12T07:45:24.289Z'
}
{
  message: 'application  listening on port 5000',
  level: 'info',
  label: 'PH',
  timestamp: '2023-06-12T07:45:24.305Z'
}
{
  message: 'Database is connected successfully',
  level: 'info',
  label: 'PH',
  timestamp: '2023-06-12T07:45:28.795Z'
}
{
  message: 'application  listening on port 5000',
  level: 'info',
  label: 'PH',
  timestamp: '2023-06-12T07:45:28.802Z'
}
{
  message: 'Database is connected successfully',
  level: 'info',
  label: 'PH',
  timestamp: '2023-06-12T07:45:38.996Z'
}
{
  message: 'application  listening on port 5000',
  level: 'info',
  label: 'PH',
  timestamp: '2023-06-12T07:45:39.003Z'
}
