{
  message: 'Database is connected successfully',
  level: 'info',
  label: 'PH',
  timestamp: '2023-06-12T09:01:27.239Z'
}
{
  message: 'application  listening on port 5000',
  level: 'info',
  label: 'PH',
  timestamp: '2023-06-12T09:01:27.247Z'
}
{
  message: 'Database is connected successfully',
  level: 'info',
  label: 'PH',
  timestamp: '2023-06-12T09:01:36.061Z'
}
{
  message: 'application  listening on port 5000',
  level: 'info',
  label: 'PH',
  timestamp: '2023-06-12T09:01:36.069Z'
}
{
  message: 'Database is connected successfully',
  level: 'info',
  label: 'PH',
  timestamp: '2023-06-12T09:01:52.896Z'
}
{
  message: 'application  listening on port 5000',
  level: 'info',
  label: 'PH',
  timestamp: '2023-06-12T09:01:52.903Z'
}
{
  message: 'Database is connected successfully',
  level: 'info',
  label: 'PH',
  timestamp: '2023-06-12T09:01:58.918Z'
}
{
  message: 'application  listening on port 5000',
  level: 'info',
  label: 'PH',
  timestamp: '2023-06-12T09:01:58.925Z'
}
{
  message: 'Database is connected successfully',
  level: 'info',
  label: 'PH',
  timestamp: '2023-06-12T09:02:36.775Z'
}
{
  message: 'application  listening on port 5000',
  level: 'info',
  label: 'PH',
  timestamp: '2023-06-12T09:02:36.783Z'
}
{
  message: 'Database is connected successfully',
  level: 'info',
  label: 'PH',
  timestamp: '2023-06-12T09:02:40.317Z'
}
{
  message: 'application  listening on port 5000',
  level: 'info',
  label: 'PH',
  timestamp: '2023-06-12T09:02:40.324Z'
}
{
  message: 'Database is connected successfully',
  level: 'info',
  label: 'PH',
  timestamp: '2023-06-12T09:02:44.545Z'
}
{
  message: 'application  listening on port 5000',
  level: 'info',
  label: 'PH',
  timestamp: '2023-06-12T09:02:44.552Z'
}
{
  message: 'Database is connected successfully',
  level: 'info',
  label: 'PH',
  timestamp: '2023-06-12T09:38:33.579Z'
}
{
  message: 'application  listening on port 5000',
  level: 'info',
  label: 'PH',
  timestamp: '2023-06-12T09:38:33.586Z'
}
{
  message: 'Database is connected successfully',
  level: 'info',
  label: 'PH',
  timestamp: '2023-06-12T09:39:25.304Z'
}
{
  message: 'application  listening on port 5000',
  level: 'info',
  label: 'PH',
  timestamp: '2023-06-12T09:39:25.313Z'
}
{
  message: 'Database is connected successfully',
  level: 'info',
  label: 'PH',
  timestamp: '2023-06-12T09:39:32.756Z'
}
{
  message: 'application  listening on port 5000',
  level: 'info',
  label: 'PH',
  timestamp: '2023-06-12T09:39:32.764Z'
}
{
  message: 'Database is connected successfully',
  level: 'info',
  label: 'PH',
  timestamp: '2023-06-12T09:39:41.117Z'
}
{
  message: 'application  listening on port 5000',
  level: 'info',
  label: 'PH',
  timestamp: '2023-06-12T09:39:41.124Z'
}
{
  message: 'Database is connected successfully',
  level: 'info',
  label: 'PH',
  timestamp: '2023-06-12T09:39:48.754Z'
}
{
  message: 'application  listening on port 5000',
  level: 'info',
  label: 'PH',
  timestamp: '2023-06-12T09:39:48.762Z'
}
{
  message: 'Database is connected successfully',
  level: 'info',
  label: 'PH',
  timestamp: '2023-06-12T09:39:54.528Z'
}
{
  message: 'application  listening on port 5000',
  level: 'info',
  label: 'PH',
  timestamp: '2023-06-12T09:39:54.534Z'
}
{
  message: 'Database is connected successfully',
  level: 'info',
  label: 'PH',
  timestamp: '2023-06-12T09:40:06.070Z'
}
{
  message: 'application  listening on port 5000',
  level: 'info',
  label: 'PH',
  timestamp: '2023-06-12T09:40:06.087Z'
}
{
  message: 'Database is connected successfully',
  level: 'info',
  label: 'PH',
  timestamp: '2023-06-12T09:40:09.905Z'
}
{
  message: 'application  listening on port 5000',
  level: 'info',
  label: 'PH',
  timestamp: '2023-06-12T09:40:09.926Z'
}
{
  message: 'Database is connected successfully',
  level: 'info',
  label: 'PH',
  timestamp: '2023-06-12T09:40:13.241Z'
}
{
  message: 'application  listening on port 5000',
  level: 'info',
  label: 'PH',
  timestamp: '2023-06-12T09:40:13.249Z'
}
{
  message: 'Database is connected successfully',
  level: 'info',
  label: 'PH',
  timestamp: '2023-06-12T09:41:29.692Z'
}
{
  message: 'application  listening on port 5000',
  level: 'info',
  label: 'PH',
  timestamp: '2023-06-12T09:41:29.705Z'
}
{
  message: 'Database is connected successfully',
  level: 'info',
  label: 'PH',
  timestamp: '2023-06-12T09:41:34.409Z'
}
{
  message: 'application  listening on port 5000',
  level: 'info',
  label: 'PH',
  timestamp: '2023-06-12T09:41:34.416Z'
}
{
  message: 'Database is connected successfully',
  level: 'info',
  label: 'PH',
  timestamp: '2023-06-12T09:41:43.801Z'
}
{
  message: 'application  listening on port 5000',
  level: 'info',
  label: 'PH',
  timestamp: '2023-06-12T09:41:43.808Z'
}
{
  message: 'Database is connected successfully',
  level: 'info',
  label: 'PH',
  timestamp: '2023-06-12T09:41:49.787Z'
}
{
  message: 'application  listening on port 5000',
  level: 'info',
  label: 'PH',
  timestamp: '2023-06-12T09:41:49.794Z'
}
{
  message: 'Database is connected successfully',
  level: 'info',
  label: 'PH',
  timestamp: '2023-06-12T09:41:55.551Z'
}
{
  message: 'application  listening on port 5000',
  level: 'info',
  label: 'PH',
  timestamp: '2023-06-12T09:41:55.558Z'
}
{
  message: 'Database is connected successfully',
  level: 'info',
  label: 'PH',
  timestamp: '2023-06-12T09:42:14.065Z'
}
{
  message: 'application  listening on port 5000',
  level: 'info',
  label: 'PH',
  timestamp: '2023-06-12T09:42:14.072Z'
}
{
  message: 'Database is connected successfully',
  level: 'info',
  label: 'PH',
  timestamp: '2023-06-12T09:42:29.688Z'
}
{
  message: 'application  listening on port 5000',
  level: 'info',
  label: 'PH',
  timestamp: '2023-06-12T09:42:29.695Z'
}
{
  message: 'Database is connected successfully',
  level: 'info',
  label: 'PH',
  timestamp: '2023-06-12T09:42:35.785Z'
}
{
  message: 'application  listening on port 5000',
  level: 'info',
  label: 'PH',
  timestamp: '2023-06-12T09:42:35.806Z'
}
{
  message: 'Database is connected successfully',
  level: 'info',
  label: 'PH',
  timestamp: '2023-06-12T09:42:46.209Z'
}
{
  message: 'application  listening on port 5000',
  level: 'info',
  label: 'PH',
  timestamp: '2023-06-12T09:42:46.216Z'
}
{
  message: 'Database is connected successfully',
  level: 'info',
  label: 'PH',
  timestamp: '2023-06-12T09:43:02.384Z'
}
{
  message: 'application  listening on port 5000',
  level: 'info',
  label: 'PH',
  timestamp: '2023-06-12T09:43:02.391Z'
}
{
  message: 'Database is connected successfully',
  level: 'info',
  label: 'PH',
  timestamp: '2023-06-12T09:43:09.005Z'
}
{
  message: 'application  listening on port 5000',
  level: 'info',
  label: 'PH',
  timestamp: '2023-06-12T09:43:09.012Z'
}
{
  message: 'Database is connected successfully',
  level: 'info',
  label: 'PH',
  timestamp: '2023-06-12T09:43:25.030Z'
}
{
  message: 'application  listening on port 5000',
  level: 'info',
  label: 'PH',
  timestamp: '2023-06-12T09:43:25.045Z'
}
{
  message: 'Database is connected successfully',
  level: 'info',
  label: 'PH',
  timestamp: '2023-06-12T09:46:59.377Z'
}
{
  message: 'application  listening on port 5000',
  level: 'info',
  label: 'PH',
  timestamp: '2023-06-12T09:46:59.385Z'
}
{
  message: 'Database is connected successfully',
  level: 'info',
  label: 'PH',
  timestamp: '2023-06-12T09:47:42.918Z'
}
{
  message: 'application  listening on port 5000',
  level: 'info',
  label: 'PH',
  timestamp: '2023-06-12T09:47:42.925Z'
}
{
  message: 'Database is connected successfully',
  level: 'info',
  label: 'PH',
  timestamp: '2023-06-12T09:48:53.930Z'
}
{
  message: 'application  listening on port 5000',
  level: 'info',
  label: 'PH',
  timestamp: '2023-06-12T09:48:53.945Z'
}
{
  message: 'Database is connected successfully',
  level: 'info',
  label: 'PH',
  timestamp: '2023-06-12T09:49:27.939Z'
}
{
  message: 'application  listening on port 5000',
  level: 'info',
  label: 'PH',
  timestamp: '2023-06-12T09:49:27.946Z'
}
{
  message: 'Database is connected successfully',
  level: 'info',
  label: 'PH',
  timestamp: '2023-06-12T09:54:44.456Z'
}
{
  message: 'application  listening on port 5000',
  level: 'info',
  label: 'PH',
  timestamp: '2023-06-12T09:54:44.463Z'
}
