{
  message: 'Database is connected successfully',
  level: 'info',
  label: 'PH',
  timestamp: '2023-06-12T08:01:18.771Z'
}
{
  message: 'application  listening on port 5000',
  level: 'info',
  label: 'PH',
  timestamp: '2023-06-12T08:01:18.788Z'
}
{
  message: 'Database is connected successfully',
  level: 'info',
  label: 'PH',
  timestamp: '2023-06-12T08:48:50.709Z'
}
{
  message: 'application  listening on port 5000',
  level: 'info',
  label: 'PH',
  timestamp: '2023-06-12T08:48:50.716Z'
}
{
  message: 'Database is connected successfully',
  level: 'info',
  label: 'PH',
  timestamp: '2023-06-12T08:49:04.763Z'
}
{
  message: 'application  listening on port 5000',
  level: 'info',
  label: 'PH',
  timestamp: '2023-06-12T08:49:04.794Z'
}
{
  message: 'Database is connected successfully',
  level: 'info',
  label: 'PH',
  timestamp: '2023-06-12T08:49:11.982Z'
}
{
  message: 'application  listening on port 5000',
  level: 'info',
  label: 'PH',
  timestamp: '2023-06-12T08:49:11.990Z'
}
{
  message: 'Database is connected successfully',
  level: 'info',
  label: 'PH',
  timestamp: '2023-06-12T08:49:16.554Z'
}
{
  message: 'application  listening on port 5000',
  level: 'info',
  label: 'PH',
  timestamp: '2023-06-12T08:49:16.562Z'
}
{
  message: 'Database is connected successfully',
  level: 'info',
  label: 'PH',
  timestamp: '2023-06-12T08:49:25.935Z'
}
{
  message: 'application  listening on port 5000',
  level: 'info',
  label: 'PH',
  timestamp: '2023-06-12T08:49:25.943Z'
}
{
  message: 'Database is connected successfully',
  level: 'info',
  label: 'PH',
  timestamp: '2023-06-12T08:49:38.314Z'
}
{
  message: 'application  listening on port 5000',
  level: 'info',
  label: 'PH',
  timestamp: '2023-06-12T08:49:38.321Z'
}
{
  message: 'Database is connected successfully',
  level: 'info',
  label: 'PH',
  timestamp: '2023-06-12T08:49:42.220Z'
}
{
  message: 'application  listening on port 5000',
  level: 'info',
  label: 'PH',
  timestamp: '2023-06-12T08:49:42.227Z'
}
{
  message: 'Database is connected successfully',
  level: 'info',
  label: 'PH',
  timestamp: '2023-06-12T08:50:20.246Z'
}
{
  message: 'application  listening on port 5000',
  level: 'info',
  label: 'PH',
  timestamp: '2023-06-12T08:50:20.253Z'
}
{
  message: 'Database is connected successfully',
  level: 'info',
  label: 'PH',
  timestamp: '2023-06-12T08:50:34.974Z'
}
{
  message: 'application  listening on port 5000',
  level: 'info',
  label: 'PH',
  timestamp: '2023-06-12T08:50:34.981Z'
}
{
  message: 'Database is connected successfully',
  level: 'info',
  label: 'PH',
  timestamp: '2023-06-12T08:50:46.630Z'
}
{
  message: 'application  listening on port 5000',
  level: 'info',
  label: 'PH',
  timestamp: '2023-06-12T08:50:46.638Z'
}
{
  message: 'Database is connected successfully',
  level: 'info',
  label: 'PH',
  timestamp: '2023-06-12T08:50:53.283Z'
}
{
  message: 'application  listening on port 5000',
  level: 'info',
  label: 'PH',
  timestamp: '2023-06-12T08:50:53.290Z'
}
{
  message: 'Database is connected successfully',
  level: 'info',
  label: 'PH',
  timestamp: '2023-06-12T08:51:08.402Z'
}
{
  message: 'application  listening on port 5000',
  level: 'info',
  label: 'PH',
  timestamp: '2023-06-12T08:51:08.414Z'
}
{
  message: 'Database is connected successfully',
  level: 'info',
  label: 'PH',
  timestamp: '2023-06-12T08:51:12.240Z'
}
{
  message: 'application  listening on port 5000',
  level: 'info',
  label: 'PH',
  timestamp: '2023-06-12T08:51:12.248Z'
}
{
  message: 'Database is connected successfully',
  level: 'info',
  label: 'PH',
  timestamp: '2023-06-12T08:51:22.920Z'
}
{
  message: 'application  listening on port 5000',
  level: 'info',
  label: 'PH',
  timestamp: '2023-06-12T08:51:22.937Z'
}
{
  message: 'Database is connected successfully',
  level: 'info',
  label: 'PH',
  timestamp: '2023-06-12T08:51:35.958Z'
}
{
  message: 'application  listening on port 5000',
  level: 'info',
  label: 'PH',
  timestamp: '2023-06-12T08:51:35.966Z'
}
{
  message: 'Database is connected successfully',
  level: 'info',
  label: 'PH',
  timestamp: '2023-06-12T08:51:43.452Z'
}
{
  message: 'application  listening on port 5000',
  level: 'info',
  label: 'PH',
  timestamp: '2023-06-12T08:51:43.459Z'
}
{
  message: 'Database is connected successfully',
  level: 'info',
  label: 'PH',
  timestamp: '2023-06-12T08:51:54.329Z'
}
{
  message: 'application  listening on port 5000',
  level: 'info',
  label: 'PH',
  timestamp: '2023-06-12T08:51:54.343Z'
}
{
  message: 'Database is connected successfully',
  level: 'info',
  label: 'PH',
  timestamp: '2023-06-12T08:51:59.360Z'
}
{
  message: 'application  listening on port 5000',
  level: 'info',
  label: 'PH',
  timestamp: '2023-06-12T08:51:59.367Z'
}
{
  message: 'Database is connected successfully',
  level: 'info',
  label: 'PH',
  timestamp: '2023-06-12T08:52:04.153Z'
}
{
  message: 'application  listening on port 5000',
  level: 'info',
  label: 'PH',
  timestamp: '2023-06-12T08:52:04.160Z'
}
{
  message: 'Database is connected successfully',
  level: 'info',
  label: 'PH',
  timestamp: '2023-06-12T08:52:12.045Z'
}
{
  message: 'application  listening on port 5000',
  level: 'info',
  label: 'PH',
  timestamp: '2023-06-12T08:52:12.054Z'
}
{
  message: 'Database is connected successfully',
  level: 'info',
  label: 'PH',
  timestamp: '2023-06-12T08:52:17.030Z'
}
{
  message: 'application  listening on port 5000',
  level: 'info',
  label: 'PH',
  timestamp: '2023-06-12T08:52:17.037Z'
}
{
  message: 'Database is connected successfully',
  level: 'info',
  label: 'PH',
  timestamp: '2023-06-12T08:52:40.212Z'
}
{
  message: 'application  listening on port 5000',
  level: 'info',
  label: 'PH',
  timestamp: '2023-06-12T08:52:40.228Z'
}
{
  message: 'Database is connected successfully',
  level: 'info',
  label: 'PH',
  timestamp: '2023-06-12T08:52:57.729Z'
}
{
  message: 'application  listening on port 5000',
  level: 'info',
  label: 'PH',
  timestamp: '2023-06-12T08:52:57.736Z'
}
{
  message: 'Database is connected successfully',
  level: 'info',
  label: 'PH',
  timestamp: '2023-06-12T08:53:10.230Z'
}
{
  message: 'application  listening on port 5000',
  level: 'info',
  label: 'PH',
  timestamp: '2023-06-12T08:53:10.237Z'
}
{
  message: 'Database is connected successfully',
  level: 'info',
  label: 'PH',
  timestamp: '2023-06-12T08:53:43.953Z'
}
{
  message: 'application  listening on port 5000',
  level: 'info',
  label: 'PH',
  timestamp: '2023-06-12T08:53:43.968Z'
}
{
  message: 'Database is connected successfully',
  level: 'info',
  label: 'PH',
  timestamp: '2023-06-12T08:53:47.932Z'
}
{
  message: 'application  listening on port 5000',
  level: 'info',
  label: 'PH',
  timestamp: '2023-06-12T08:53:47.940Z'
}
{
  message: 'Database is connected successfully',
  level: 'info',
  label: 'PH',
  timestamp: '2023-06-12T08:53:54.955Z'
}
{
  message: 'application  listening on port 5000',
  level: 'info',
  label: 'PH',
  timestamp: '2023-06-12T08:53:54.962Z'
}
{
  message: 'Database is connected successfully',
  level: 'info',
  label: 'PH',
  timestamp: '2023-06-12T08:54:04.279Z'
}
{
  message: 'application  listening on port 5000',
  level: 'info',
  label: 'PH',
  timestamp: '2023-06-12T08:54:04.293Z'
}
{
  message: 'Database is connected successfully',
  level: 'info',
  label: 'PH',
  timestamp: '2023-06-12T08:54:11.534Z'
}
{
  message: 'application  listening on port 5000',
  level: 'info',
  label: 'PH',
  timestamp: '2023-06-12T08:54:11.540Z'
}
{
  message: 'Database is connected successfully',
  level: 'info',
  label: 'PH',
  timestamp: '2023-06-12T08:54:38.423Z'
}
{
  message: 'application  listening on port 5000',
  level: 'info',
  label: 'PH',
  timestamp: '2023-06-12T08:54:38.441Z'
}
{
  message: 'Database is connected successfully',
  level: 'info',
  label: 'PH',
  timestamp: '2023-06-12T08:54:45.535Z'
}
{
  message: 'application  listening on port 5000',
  level: 'info',
  label: 'PH',
  timestamp: '2023-06-12T08:54:45.542Z'
}
{
  message: 'Database is connected successfully',
  level: 'info',
  label: 'PH',
  timestamp: '2023-06-12T08:55:05.284Z'
}
{
  message: 'application  listening on port 5000',
  level: 'info',
  label: 'PH',
  timestamp: '2023-06-12T08:55:05.291Z'
}
{
  message: 'Database is connected successfully',
  level: 'info',
  label: 'PH',
  timestamp: '2023-06-12T08:55:14.933Z'
}
{
  message: 'application  listening on port 5000',
  level: 'info',
  label: 'PH',
  timestamp: '2023-06-12T08:55:14.940Z'
}
{
  message: 'Database is connected successfully',
  level: 'info',
  label: 'PH',
  timestamp: '2023-06-12T08:55:31.430Z'
}
{
  message: 'application  listening on port 5000',
  level: 'info',
  label: 'PH',
  timestamp: '2023-06-12T08:55:31.437Z'
}
{
  message: 'Database is connected successfully',
  level: 'info',
  label: 'PH',
  timestamp: '2023-06-12T08:56:14.696Z'
}
{
  message: 'application  listening on port 5000',
  level: 'info',
  label: 'PH',
  timestamp: '2023-06-12T08:56:14.703Z'
}
{
  message: 'Database is connected successfully',
  level: 'info',
  label: 'PH',
  timestamp: '2023-06-12T08:56:39.250Z'
}
{
  message: 'application  listening on port 5000',
  level: 'info',
  label: 'PH',
  timestamp: '2023-06-12T08:56:39.257Z'
}
{
  message: 'Database is connected successfully',
  level: 'info',
  label: 'PH',
  timestamp: '2023-06-12T08:56:46.370Z'
}
{
  message: 'application  listening on port 5000',
  level: 'info',
  label: 'PH',
  timestamp: '2023-06-12T08:56:46.377Z'
}
{
  message: 'Database is connected successfully',
  level: 'info',
  label: 'PH',
  timestamp: '2023-06-12T08:57:06.519Z'
}
{
  message: 'application  listening on port 5000',
  level: 'info',
  label: 'PH',
  timestamp: '2023-06-12T08:57:06.527Z'
}
{
  message: 'Database is connected successfully',
  level: 'info',
  label: 'PH',
  timestamp: '2023-06-12T08:57:09.798Z'
}
{
  message: 'application  listening on port 5000',
  level: 'info',
  label: 'PH',
  timestamp: '2023-06-12T08:57:09.805Z'
}
