{
  message: 'Database is connected successfully',
  level: 'info',
  label: 'PH',
  timestamp: '2023-06-12T06:21:02.771Z'
}
{
  message: 'application  listening on port 5000',
  level: 'info',
  label: 'PH',
  timestamp: '2023-06-12T06:21:02.778Z'
}
{
  message: 'Database is connected successfully',
  level: 'info',
  label: 'PH',
  timestamp: '2023-06-12T06:21:14.088Z'
}
{
  message: 'application  listening on port 5000',
  level: 'info',
  label: 'PH',
  timestamp: '2023-06-12T06:21:14.095Z'
}
{
  message: 'Database is connected successfully',
  level: 'info',
  label: 'PH',
  timestamp: '2023-06-12T06:26:54.843Z'
}
{
  message: 'application  listening on port 5000',
  level: 'info',
  label: 'PH',
  timestamp: '2023-06-12T06:26:54.850Z'
}
{
  message: 'Database is connected successfully',
  level: 'info',
  label: 'PH',
  timestamp: '2023-06-12T06:29:40.381Z'
}
{
  message: 'application  listening on port 5000',
  level: 'info',
  label: 'PH',
  timestamp: '2023-06-12T06:29:40.397Z'
}
{
  message: 'Database is connected successfully',
  level: 'info',
  label: 'PH',
  timestamp: '2023-06-12T06:55:46.595Z'
}
{
  message: 'application  listening on port 5000',
  level: 'info',
  label: 'PH',
  timestamp: '2023-06-12T06:55:46.604Z'
}
{
  message: 'Database is connected successfully',
  level: 'info',
  label: 'PH',
  timestamp: '2023-06-12T06:57:06.957Z'
}
{
  message: 'application  listening on port 5000',
  level: 'info',
  label: 'PH',
  timestamp: '2023-06-12T06:57:06.964Z'
}
{
  message: 'Database is connected successfully',
  level: 'info',
  label: 'PH',
  timestamp: '2023-06-12T06:59:17.647Z'
}
{
  message: 'application  listening on port 5000',
  level: 'info',
  label: 'PH',
  timestamp: '2023-06-12T06:59:17.654Z'
}
