{
  message: 'Database is connected successfully',
  level: 'info',
  label: 'PH',
  timestamp: '2023-06-13T06:07:28.523Z'
}
{
  message: 'application  listening on port 5000',
  level: 'info',
  label: 'PH',
  timestamp: '2023-06-13T06:07:28.529Z'
}
{
  message: 'Database is connected successfully',
  level: 'info',
  label: 'PH',
  timestamp: '2023-06-13T06:07:56.122Z'
}
{
  message: 'application  listening on port 5000',
  level: 'info',
  label: 'PH',
  timestamp: '2023-06-13T06:07:56.140Z'
}
{
  message: 'Database is connected successfully',
  level: 'info',
  label: 'PH',
  timestamp: '2023-06-13T06:08:00.419Z'
}
{
  message: 'application  listening on port 5000',
  level: 'info',
  label: 'PH',
  timestamp: '2023-06-13T06:08:00.437Z'
}
{
  message: 'Database is connected successfully',
  level: 'info',
  label: 'PH',
  timestamp: '2023-06-13T06:09:20.848Z'
}
{
  message: 'application  listening on port 5000',
  level: 'info',
  label: 'PH',
  timestamp: '2023-06-13T06:09:20.855Z'
}
{
  message: 'Database is connected successfully',
  level: 'info',
  label: 'PH',
  timestamp: '2023-06-13T06:09:29.844Z'
}
{
  message: 'application  listening on port 5000',
  level: 'info',
  label: 'PH',
  timestamp: '2023-06-13T06:09:29.856Z'
}
{
  message: 'Database is connected successfully',
  level: 'info',
  label: 'PH',
  timestamp: '2023-06-13T06:09:37.453Z'
}
{
  message: 'application  listening on port 5000',
  level: 'info',
  label: 'PH',
  timestamp: '2023-06-13T06:09:37.460Z'
}
{
  message: 'Database is connected successfully',
  level: 'info',
  label: 'PH',
  timestamp: '2023-06-13T06:09:45.762Z'
}
{
  message: 'application  listening on port 5000',
  level: 'info',
  label: 'PH',
  timestamp: '2023-06-13T06:09:45.769Z'
}
{
  message: 'Database is connected successfully',
  level: 'info',
  label: 'PH',
  timestamp: '2023-06-13T06:09:53.663Z'
}
{
  message: 'application  listening on port 5000',
  level: 'info',
  label: 'PH',
  timestamp: '2023-06-13T06:09:53.669Z'
}
{
  message: 'Database is connected successfully',
  level: 'info',
  label: 'PH',
  timestamp: '2023-06-13T06:09:59.950Z'
}
{
  message: 'application  listening on port 5000',
  level: 'info',
  label: 'PH',
  timestamp: '2023-06-13T06:09:59.967Z'
}
{
  message: 'Database is connected successfully',
  level: 'info',
  label: 'PH',
  timestamp: '2023-06-13T06:10:23.975Z'
}
{
  message: 'application  listening on port 5000',
  level: 'info',
  label: 'PH',
  timestamp: '2023-06-13T06:10:23.985Z'
}
{
  message: 'Database is connected successfully',
  level: 'info',
  label: 'PH',
  timestamp: '2023-06-13T06:10:32.058Z'
}
{
  message: 'application  listening on port 5000',
  level: 'info',
  label: 'PH',
  timestamp: '2023-06-13T06:10:32.075Z'
}
{
  message: 'Database is connected successfully',
  level: 'info',
  label: 'PH',
  timestamp: '2023-06-13T06:10:38.408Z'
}
{
  message: 'application  listening on port 5000',
  level: 'info',
  label: 'PH',
  timestamp: '2023-06-13T06:10:38.415Z'
}
{
  message: 'Database is connected successfully',
  level: 'info',
  label: 'PH',
  timestamp: '2023-06-13T06:10:50.124Z'
}
{
  message: 'application  listening on port 5000',
  level: 'info',
  label: 'PH',
  timestamp: '2023-06-13T06:10:50.131Z'
}
{
  message: 'Database is connected successfully',
  level: 'info',
  label: 'PH',
  timestamp: '2023-06-13T06:10:59.682Z'
}
{
  message: 'application  listening on port 5000',
  level: 'info',
  label: 'PH',
  timestamp: '2023-06-13T06:10:59.689Z'
}
Tue Jun 13 2023 12:13 [PH] info: Database is connected successfully
Tue Jun 13 2023 12:13 [PH] info: application  listening on port 5000
Tue Jun 13 2023 12:13 [PH] info: Database is connected successfully
Tue Jun 13 2023 12:13 [PH] info: application  listening on port 5000
Tue Jun 13 2023 12:13 [PH] info: Database is connected successfully
Tue Jun 13 2023 12:13 [PH] info: application  listening on port 5000
Tue Jun 13 2023 12:37 [PH] info: Database is connected successfully
Tue Jun 13 2023 12:37 [PH] info: application  listening on port 5000
Tue Jun 13 2023 12:38 [PH] info: Database is connected successfully
Tue Jun 13 2023 12:38 [PH] info: application  listening on port 5000
Tue Jun 13 2023 12:39 [PH] info: Database is connected successfully
Tue Jun 13 2023 12:39 [PH] info: application  listening on port 5000
Tue Jun 13 2023 12:39 [PH] info: Database is connected successfully
Tue Jun 13 2023 12:39 [PH] info: application  listening on port 5000
Tue Jun 13 2023 12:46 [PH] info: Database is connected successfully
Tue Jun 13 2023 12:46 [PH] info: application  listening on port 5000
Tue Jun 13 2023 12:50 [PH] info: Database is connected successfully
Tue Jun 13 2023 12:50 [PH] info: application  listening on port 5000
Tue Jun 13 2023 12:51 [PH] info: Database is connected successfully
Tue Jun 13 2023 12:51 [PH] info: application  listening on port 5000
Tue Jun 13 2023 12:51 [PH] info: Database is connected successfully
Tue Jun 13 2023 12:51 [PH] info: application  listening on port 5000
Tue Jun 13 2023 12:51 [PH] info: Database is connected successfully
Tue Jun 13 2023 12:51 [PH] info: application  listening on port 5000
Tue Jun 13 2023 12:51 [PH] info: Database is connected successfully
Tue Jun 13 2023 12:51 [PH] info: application  listening on port 5000
Tue Jun 13 2023 12:51 [PH] info: Database is connected successfully
Tue Jun 13 2023 12:51 [PH] info: application  listening on port 5000
Tue Jun 13 2023 12:52 [PH] info: Database is connected successfully
Tue Jun 13 2023 12:52 [PH] info: application  listening on port 5000
Tue Jun 13 2023 12:52 [PH] info: Database is connected successfully
Tue Jun 13 2023 12:52 [PH] info: application  listening on port 5000
Tue Jun 13 2023 12:52 [PH] info: Database is connected successfully
Tue Jun 13 2023 12:52 [PH] info: application  listening on port 5000
Tue Jun 13 2023 12:52 [PH] info: Database is connected successfully
Tue Jun 13 2023 12:52 [PH] info: application  listening on port 5000
Tue Jun 13 2023 12:54 [PH] info: Database is connected successfully
Tue Jun 13 2023 12:54 [PH] info: application  listening on port 5000
Tue Jun 13 2023 12:54 [PH] info: Database is connected successfully
Tue Jun 13 2023 12:54 [PH] info: application  listening on port 5000
Tue Jun 13 2023 12:54 [PH] info: Database is connected successfully
Tue Jun 13 2023 12:54 [PH] info: application  listening on port 5000
Tue Jun 13 2023 12:54 [PH] info: Database is connected successfully
Tue Jun 13 2023 12:54 [PH] info: application  listening on port 5000
Tue Jun 13 2023 12:54 [PH] info: Database is connected successfully
Tue Jun 13 2023 12:54 [PH] info: application  listening on port 5000
Tue Jun 13 2023 12:54 [PH] info: Database is connected successfully
Tue Jun 13 2023 12:54 [PH] info: application  listening on port 5000
Tue Jun 13 2023 12:55 [PH] info: Database is connected successfully
Tue Jun 13 2023 12:55 [PH] info: application  listening on port 5000
Tue Jun 13 2023 12:55 [PH] info: Database is connected successfully
Tue Jun 13 2023 12:55 [PH] info: application  listening on port 5000
Tue Jun 13 2023 12:55 [PH] info: Database is connected successfully
Tue Jun 13 2023 12:55 [PH] info: application  listening on port 5000
Tue Jun 13 2023 12:55 [PH] info: Database is connected successfully
Tue Jun 13 2023 12:55 [PH] info: application  listening on port 5000
Tue Jun 13 2023 12:55 [PH] info: Database is connected successfully
Tue Jun 13 2023 12:55 [PH] info: application  listening on port 5000
Tue Jun 13 2023 12:56 [PH] info: Database is connected successfully
Tue Jun 13 2023 12:56 [PH] info: application  listening on port 5000
Tue Jun 13 2023 12:56 [PH] info: Database is connected successfully
Tue Jun 13 2023 12:56 [PH] info: application  listening on port 5000
Tue Jun 13 2023 12:56 [PH] info: Database is connected successfully
Tue Jun 13 2023 12:56 [PH] info: application  listening on port 5000
Tue Jun 13 2023 12:56 [PH] info: Database is connected successfully
Tue Jun 13 2023 12:56 [PH] info: application  listening on port 5000
Tue Jun 13 2023 12:56 [PH] info: Database is connected successfully
Tue Jun 13 2023 12:56 [PH] info: application  listening on port 5000
Tue Jun 13 2023 12:57 [PH] info: Database is connected successfully
Tue Jun 13 2023 12:57 [PH] info: application  listening on port 5000
Tue Jun 13 2023 12:57 [PH] info: Database is connected successfully
Tue Jun 13 2023 12:57 [PH] info: application  listening on port 5000
Tue Jun 13 2023 12:57 [PH] info: Database is connected successfully
Tue Jun 13 2023 12:57 [PH] info: application  listening on port 5000
