Arguments: 
  C:\Program Files\nodejs\node.exe C:\Users\Joy Majumder\AppData\Roaming\npm\node_modules\yarn\bin\yarn.js lint-prettier E:/JavaScript/university-management-auth-service/src/app/modules/users.interface.ts E:/JavaScript/university-management-auth-service/src/app/modules/users.model.ts E:/JavaScript/university-management-auth-service/src/app/modules/users.service.ts

PATH: 
  E:\JavaScript\university-management-auth-service\node_modules\.bin;E:\JavaScript\node_modules\.bin;E:\node_modules\.bin;C:\Program Files\nodejs;C:\Users\JOYMAJ~1\AppData\Local\Temp\yarn--1686239134913-0.20348162205686404;E:\JavaScript\university-management-auth-service\node_modules\.bin;C:\Users\Joy Majumder\AppData\Local\Yarn\Data\link\node_modules\.bin;C:\Users\Joy Majumder\AppData\Local\Yarn\bin;C:\Program Files\libexec\lib\node_modules\npm\bin\node-gyp-bin;C:\Program Files\lib\node_modules\npm\bin\node-gyp-bin;C:\Program Files\nodejs\node_modules\npm\bin\node-gyp-bin;C:\Program Files\Git\mingw64\libexec\git-core;C:\Program Files\Git\mingw64\bin;C:\Program Files\Git\usr\bin;C:\Users\Joy Majumder\bin;C:\Program Files (x86)\Common Files\Oracle\Java\javapath;C:\ProgramData\Oracle\Java\javapath;C:\Program Files (x86)\Intel\Intel(R) Management Engine Components\iCLS;C:\Program Files\Intel\Intel(R) Management Engine Components\iCLS;C:\Windows\system32;C:\Windows;C:\Windows\System32\Wbem;C:\Windows\System32\WindowsPowerShell\v1.0;C:\Windows\System32\OpenSSH;C:\Program Files (x86)\Intel\Intel(R) Management Engine Components\DAL;C:\Program Files\Intel\Intel(R) Management Engine Components\DAL;C:\Program Files (x86)\Intel\Intel(R) Management Engine Components\IPT;C:\Program Files\Intel\Intel(R) Management Engine Components\IPT;C:\Program Files (x86)\NVIDIA Corporation\PhysX\Common;C:\Program Files\Microsoft SQL Server\Client SDK\ODBC\110\Tools\Binn;C:\Program Files (x86)\Microsoft SQL Server\120\Tools\Binn;C:\Program Files\Microsoft SQL Server\120\Tools\Binn;C:\Program Files\Microsoft SQL Server\120\DTS\Binn;C:\Program Files (x86)\Microsoft SQL Server\120\Tools\Binn\ManagementStudio;C:\Program Files (x86)\Microsoft SQL Server\120\DTS\Binn;C:\WINDOWS\system32;C:\WINDOWS;C:\WINDOWS\System32\Wbem;C:\WINDOWS\System32\WindowsPowerShell\v1.0;C:\WINDOWS\System32\OpenSSH;C:\Program Files\Git\cmd;C:\Users\Joy Majumder\AppData\Local\Tesseract-OCR;C:\Users\Joy Majumder\AppData\Roaming\nvm;C:\Program Files\nodejs;C:\Users\Joy Majumder\AppData\Local\Microsoft\WindowsApps;C:\Users\Joy Majumder\AppData\Local\Programs\Microsoft VS Code\bin;C:\Users\Joy Majumder\AppData\Roaming\npm;C:\Program Files\heroku\bin;C:\Users\Joy Majumder\AppData\Roaming\nvm;C:\Program Files\nodejs

Yarn version: 
  1.22.11

Node version: 
  14.17.6

Platform: 
  win32 x64

Trace: 
  SyntaxError: E:\JavaScript\university-management-auth-service\package.json: Unexpected token / in JSON at position 310
      at JSON.parse (<anonymous>)
      at C:\Users\Joy Majumder\AppData\Roaming\npm\node_modules\yarn\lib\cli.js:1625:59
      at Generator.next (<anonymous>)
      at step (C:\Users\Joy Majumder\AppData\Roaming\npm\node_modules\yarn\lib\cli.js:310:30)
      at C:\Users\Joy Majumder\AppData\Roaming\npm\node_modules\yarn\lib\cli.js:321:13

npm manifest: 
  {
    "name": "university-management-auth-service",
    "version": "1.0.0",
    "description": "",
    "main": "src/server.ts",
    "scripts": {
      "start": "ts-node-dev --respawn --transpile-only src/server.ts",
      "lint:check": "eslint --ignore-path .eslintignore --ext .js,.ts .",
      "link:fix": "eslint . --fix", //sob gula fix korar jonno
      "prettier:check": "prettier --ignore-path .gitignore --write \"**/*.+(js|ts|json)\"",
      "prettier:fix":"prettier --write .",
      "lint-prettier": "yarn lint:check && yarn prettier:check",
      "test": "echo \"Error: no test specified\" && exit 1"
    },
    "author": "joy majumder",
    "license": "ISC",
    "lint-staged": {
      "src/**/*.ts": "yarn lint-prettier"
    },
    "devDependencies": {
      "@types/cors": "^2.8.13",
      "@typescript-eslint/eslint-plugin": "^5.59.9",
      "@typescript-eslint/parser": "^5.59.9",
      "eslint": "^8.42.0",
      "eslint-config-prettier": "^8.8.0",
      "husky": "^8.0.3",
      "lint-staged": "^13.2.2",
      "prettier": "^2.8.8",
      "ts-node-dev": "^2.0.0",
      "typescript": "^5.1.3"
    },
    "dependencies": {
      "dotenv": "^16.1.3",
      "express": "^4.18.2",
      "mongoose": "^7.2.2"
    }
  }

yarn manifest: 
  No manifest

Lockfile: 
  # THIS IS AN AUTOGENERATED FILE. DO NOT EDIT THIS FILE DIRECTLY.
  # yarn lockfile v1
  
  
  typescript@^5.1.3:
    version "5.1.3"
    resolved "https://registry.yarnpkg.com/typescript/-/typescript-5.1.3.tgz#8d84219244a6b40b6fb2b33cc1c062f715b9e826"
    integrity sha512-XH627E9vkeqhlZFQuL+UsyAXEnibT0kWR2FWONlr4sTjvxyJYnyefgrkyECLzM5NenmKzRAy2rR/OlYLA1HkZw==
