{
  ok: 0,
  code: 8000,
  codeName: 'AtlasError',
  connectionGeneration: 0,
  level: 'error',
  message: 'Failed to connect database bad auth : Authentication failed.',
  stack: 'MongoServerError: bad auth : Authentication failed.\n' +
    '    at Connection.onMessage (E:\\JavaScript\\university-management-auth-service\\node_modules\\mongodb\\src\\cmap\\connection.ts:413:18)\n' +
    '    at MessageStream.<anonymous> (E:\\JavaScript\\university-management-auth-service\\node_modules\\mongodb\\src\\cmap\\connection.ts:243:56)\n' +
    '    at MessageStream.emit (events.js:400:28)\n' +
    '    at processIncomingData (E:\\JavaScript\\university-management-auth-service\\node_modules\\mongodb\\src\\cmap\\message_stream.ts:187:12)\n' +
    '    at MessageStream._write (E:\\JavaScript\\university-management-auth-service\\node_modules\\mongodb\\src\\cmap\\message_stream.ts:68:5)\n' +
    '    at writeOrBuffer (internal/streams/writable.js:358:12)\n' +
    '    at MessageStream.Writable.write (internal/streams/writable.js:303:10)\n' +
    '    at TLSSocket.ondata (internal/streams/readable.js:726:22)\n' +
    '    at TLSSocket.emit (events.js:400:28)\n' +
    '    at addChunk (internal/streams/readable.js:290:12)',
  label: 'right meow!',
  timestamp: '2023-06-12T06:24:49.222Z',
  [Symbol(errorLabels)]: Set(2) { 'HandshakeError', 'ResetPool' }
}
{
  ok: 0,
  code: 8000,
  codeName: 'AtlasError',
  connectionGeneration: 0,
  level: 'error',
  message: 'Failed to connect database bad auth : Authentication failed.',
  stack: 'MongoServerError: bad auth : Authentication failed.\n' +
    '    at Connection.onMessage (E:\\JavaScript\\university-management-auth-service\\node_modules\\mongodb\\src\\cmap\\connection.ts:413:18)\n' +
    '    at MessageStream.<anonymous> (E:\\JavaScript\\university-management-auth-service\\node_modules\\mongodb\\src\\cmap\\connection.ts:243:56)\n' +
    '    at MessageStream.emit (events.js:400:28)\n' +
    '    at processIncomingData (E:\\JavaScript\\university-management-auth-service\\node_modules\\mongodb\\src\\cmap\\message_stream.ts:187:12)\n' +
    '    at MessageStream._write (E:\\JavaScript\\university-management-auth-service\\node_modules\\mongodb\\src\\cmap\\message_stream.ts:68:5)\n' +
    '    at writeOrBuffer (internal/streams/writable.js:358:12)\n' +
    '    at MessageStream.Writable.write (internal/streams/writable.js:303:10)\n' +
    '    at TLSSocket.ondata (internal/streams/readable.js:726:22)\n' +
    '    at TLSSocket.emit (events.js:400:28)\n' +
    '    at addChunk (internal/streams/readable.js:290:12)',
  label: 'PH',
  timestamp: '2023-06-12T06:27:23.430Z',
  [Symbol(errorLabels)]: Set(2) { 'HandshakeError', 'ResetPool' }
}
